<?xml version="1.0" encoding="UTF-8"?>
<coverage generated="1705543440104" clover="3.2.0">
  <project timestamp="1705543440104" name="All files">
    <metrics statements="25" coveredstatements="25" conditionals="4" coveredconditionals="4" methods="16" coveredmethods="16" elements="45" coveredelements="45" complexity="0" loc="25" ncloc="25" packages="1" files="5" classes="5"/>
    <file name="anlyzeArray.js" path="E:\Programacion\Estudio\Javascript\Ejercicios\Odin Exercises\Testing\scripts\anlyzeArray.js">
      <metrics statements="5" coveredstatements="5" conditionals="0" coveredconditionals="0" methods="5" coveredmethods="5"/>
      <line num="2" count="3" type="stmt"/>
      <line num="11" count="11" type="stmt"/>
      <line num="15" count="3" type="stmt"/>
      <line num="19" count="3" type="stmt"/>
      <line num="22" count="1" type="stmt"/>
    </file>
    <file name="calculator.js" path="E:\Programacion\Estudio\Javascript\Ejercicios\Odin Exercises\Testing\scripts\calculator.js">
      <metrics statements="5" coveredstatements="5" conditionals="0" coveredconditionals="0" methods="4" coveredmethods="4"/>
      <line num="3" count="1" type="stmt"/>
      <line num="7" count="1" type="stmt"/>
      <line num="11" count="1" type="stmt"/>
      <line num="15" count="1" type="stmt"/>
      <line num="19" count="1" type="stmt"/>
    </file>
    <file name="capitalize.js" path="E:\Programacion\Estudio\Javascript\Ejercicios\Odin Exercises\Testing\scripts\capitalize.js">
      <metrics statements="3" coveredstatements="3" conditionals="0" coveredconditionals="0" methods="3" coveredmethods="3"/>
      <line num="2" count="3" type="stmt"/>
      <line num="5" count="11" type="stmt"/>
      <line num="8" count="1" type="stmt"/>
    </file>
    <file name="ceaserCipher.js" path="E:\Programacion\Estudio\Javascript\Ejercicios\Odin Exercises\Testing\scripts\ceaserCipher.js">
      <metrics statements="10" coveredstatements="10" conditionals="4" coveredconditionals="4" methods="3" coveredmethods="3"/>
      <line num="2" count="5" type="stmt"/>
      <line num="4" count="27" type="stmt"/>
      <line num="9" count="27" type="cond" truecount="2" falsecount="0"/>
      <line num="10" count="24" type="stmt"/>
      <line num="11" count="24" type="stmt"/>
      <line num="13" count="24" type="cond" truecount="2" falsecount="0"/>
      <line num="15" count="24" type="stmt"/>
      <line num="16" count="24" type="stmt"/>
      <line num="18" count="3" type="stmt"/>
      <line num="21" count="1" type="stmt"/>
    </file>
    <file name="reverseString.js" path="E:\Programacion\Estudio\Javascript\Ejercicios\Odin Exercises\Testing\scripts\reverseString.js">
      <metrics statements="2" coveredstatements="2" conditionals="0" coveredconditionals="0" methods="1" coveredmethods="1"/>
      <line num="2" count="2" type="stmt"/>
      <line num="5" count="1" type="stmt"/>
    </file>
  </project>
</coverage>
