{"E:\\Programacion\\Estudio\\Javascript\\Ejercicios\\Odin Exercises\\Testing\\scripts\\anlyzeArray.js": {"path":"E:\\Programacion\\Estudio\\Javascript\\Ejercicios\\Odin Exercises\\Testing\\scripts\\anlyzeArray.js","statementMap":{"0":{"start":{"line":2,"column":2},"end":{"line":7,"column":4}},"1":{"start":{"line":11,"column":2},"end":{"line":11,"column":65}},"2":{"start":{"line":11,"column":36},"end":{"line":11,"column":47}},"3":{"start":{"line":15,"column":2},"end":{"line":15,"column":26}},"4":{"start":{"line":19,"column":2},"end":{"line":19,"column":26}},"5":{"start":{"line":22,"column":0},"end":{"line":22,"column":30}}},"fnMap":{"0":{"name":"analyzeArray","decl":{"start":{"line":1,"column":9},"end":{"line":1,"column":21}},"loc":{"start":{"line":1,"column":27},"end":{"line":8,"column":1}},"line":1},"1":{"name":"average","decl":{"start":{"line":10,"column":9},"end":{"line":10,"column":16}},"loc":{"start":{"line":10,"column":22},"end":{"line":12,"column":1}},"line":10},"2":{"name":"(anonymous_2)","decl":{"start":{"line":11,"column":20},"end":{"line":11,"column":21}},"loc":{"start":{"line":11,"column":36},"end":{"line":11,"column":47}},"line":11},"3":{"name":"min","decl":{"start":{"line":14,"column":9},"end":{"line":14,"column":12}},"loc":{"start":{"line":14,"column":18},"end":{"line":16,"column":1}},"line":14},"4":{"name":"max","decl":{"start":{"line":18,"column":9},"end":{"line":18,"column":12}},"loc":{"start":{"line":18,"column":18},"end":{"line":20,"column":1}},"line":18}},"branchMap":{},"s":{"0":3,"1":3,"2":11,"3":3,"4":3,"5":1},"f":{"0":3,"1":3,"2":11,"3":3,"4":3},"b":{},"_coverageSchema":"1a1c01bbd47fc00a2c39e90264f33305004495a9","hash":"500b0386851197d1026ff13cfb276f21a588d337"}
,"E:\\Programacion\\Estudio\\Javascript\\Ejercicios\\Odin Exercises\\Testing\\scripts\\calculator.js": {"path":"E:\\Programacion\\Estudio\\Javascript\\Ejercicios\\Odin Exercises\\Testing\\scripts\\calculator.js","statementMap":{"0":{"start":{"line":3,"column":4},"end":{"line":3,"column":17}},"1":{"start":{"line":7,"column":4},"end":{"line":7,"column":17}},"2":{"start":{"line":11,"column":4},"end":{"line":11,"column":17}},"3":{"start":{"line":15,"column":4},"end":{"line":15,"column":17}},"4":{"start":{"line":19,"column":0},"end":{"line":19,"column":28}}},"fnMap":{"0":{"name":"(anonymous_0)","decl":{"start":{"line":2,"column":2},"end":{"line":2,"column":3}},"loc":{"start":{"line":2,"column":12},"end":{"line":4,"column":3}},"line":2},"1":{"name":"(anonymous_1)","decl":{"start":{"line":6,"column":2},"end":{"line":6,"column":3}},"loc":{"start":{"line":6,"column":16},"end":{"line":8,"column":3}},"line":6},"2":{"name":"(anonymous_2)","decl":{"start":{"line":10,"column":2},"end":{"line":10,"column":3}},"loc":{"start":{"line":10,"column":17},"end":{"line":12,"column":3}},"line":10},"3":{"name":"(anonymous_3)","decl":{"start":{"line":14,"column":2},"end":{"line":14,"column":3}},"loc":{"start":{"line":14,"column":15},"end":{"line":16,"column":3}},"line":14}},"branchMap":{},"s":{"0":1,"1":1,"2":1,"3":1,"4":1},"f":{"0":1,"1":1,"2":1,"3":1},"b":{},"_coverageSchema":"1a1c01bbd47fc00a2c39e90264f33305004495a9","hash":"b3e8e53fc79f35ec4287fa1504aeb1626186d0ba"}
,"E:\\Programacion\\Estudio\\Javascript\\Ejercicios\\Odin Exercises\\Testing\\scripts\\capitalize.js": {"path":"E:\\Programacion\\Estudio\\Javascript\\Ejercicios\\Odin Exercises\\Testing\\scripts\\capitalize.js","statementMap":{"0":{"start":{"line":2,"column":2},"end":{"line":5,"column":72}},"1":{"start":{"line":5,"column":30},"end":{"line":5,"column":70}},"2":{"start":{"line":5,"column":54},"end":{"line":5,"column":69}},"3":{"start":{"line":8,"column":0},"end":{"line":8,"column":28}}},"fnMap":{"0":{"name":"capitalize","decl":{"start":{"line":1,"column":9},"end":{"line":1,"column":19}},"loc":{"start":{"line":1,"column":25},"end":{"line":6,"column":1}},"line":1},"1":{"name":"(anonymous_1)","decl":{"start":{"line":5,"column":23},"end":{"line":5,"column":24}},"loc":{"start":{"line":5,"column":30},"end":{"line":5,"column":70}},"line":5},"2":{"name":"(anonymous_2)","decl":{"start":{"line":5,"column":47},"end":{"line":5,"column":48}},"loc":{"start":{"line":5,"column":54},"end":{"line":5,"column":69}},"line":5}},"branchMap":{},"s":{"0":3,"1":11,"2":11,"3":1},"f":{"0":3,"1":11,"2":11},"b":{},"_coverageSchema":"1a1c01bbd47fc00a2c39e90264f33305004495a9","hash":"6c8937a45df2f62ff14e66dc664d8da710ca9b86"}
,"E:\\Programacion\\Estudio\\Javascript\\Ejercicios\\Odin Exercises\\Testing\\scripts\\ceaserCipher.js": {"path":"E:\\Programacion\\Estudio\\Javascript\\Ejercicios\\Odin Exercises\\Testing\\scripts\\ceaserCipher.js","statementMap":{"0":{"start":{"line":2,"column":2},"end":{"line":5,"column":14}},"1":{"start":{"line":4,"column":19},"end":{"line":4,"column":41}},"2":{"start":{"line":9,"column":2},"end":{"line":17,"column":3}},"3":{"start":{"line":10,"column":17},"end":{"line":10,"column":35}},"4":{"start":{"line":11,"column":24},"end":{"line":11,"column":36}},"5":{"start":{"line":13,"column":6},"end":{"line":13,"column":73}},"6":{"start":{"line":15,"column":6},"end":{"line":15,"column":53}},"7":{"start":{"line":16,"column":4},"end":{"line":16,"column":54}},"8":{"start":{"line":18,"column":2},"end":{"line":18,"column":14}},"9":{"start":{"line":21,"column":0},"end":{"line":21,"column":30}}},"fnMap":{"0":{"name":"caesarCipher","decl":{"start":{"line":1,"column":9},"end":{"line":1,"column":21}},"loc":{"start":{"line":1,"column":34},"end":{"line":6,"column":1}},"line":1},"1":{"name":"(anonymous_1)","decl":{"start":{"line":4,"column":9},"end":{"line":4,"column":10}},"loc":{"start":{"line":4,"column":19},"end":{"line":4,"column":41}},"line":4},"2":{"name":"shiftChar","decl":{"start":{"line":8,"column":9},"end":{"line":8,"column":18}},"loc":{"start":{"line":8,"column":32},"end":{"line":19,"column":1}},"line":8}},"branchMap":{"0":{"loc":{"start":{"line":9,"column":2},"end":{"line":17,"column":3}},"type":"if","locations":[{"start":{"line":9,"column":2},"end":{"line":17,"column":3}},{"start":{},"end":{}}],"line":9},"1":{"loc":{"start":{"line":13,"column":6},"end":{"line":13,"column":73}},"type":"cond-expr","locations":[{"start":{"line":13,"column":36},"end":{"line":13,"column":53}},{"start":{"line":13,"column":56},"end":{"line":13,"column":73}}],"line":13}},"s":{"0":5,"1":27,"2":27,"3":24,"4":24,"5":24,"6":24,"7":24,"8":3,"9":1},"f":{"0":5,"1":27,"2":27},"b":{"0":[24,3],"1":[21,3]},"_coverageSchema":"1a1c01bbd47fc00a2c39e90264f33305004495a9","hash":"37b51ecd3d3c42cfb9ca8cb71333735ddb2ec34d"}
,"E:\\Programacion\\Estudio\\Javascript\\Ejercicios\\Odin Exercises\\Testing\\scripts\\reverseString.js": {"path":"E:\\Programacion\\Estudio\\Javascript\\Ejercicios\\Odin Exercises\\Testing\\scripts\\reverseString.js","statementMap":{"0":{"start":{"line":2,"column":2},"end":{"line":2,"column":65}},"1":{"start":{"line":5,"column":0},"end":{"line":5,"column":31}}},"fnMap":{"0":{"name":"reverseString","decl":{"start":{"line":1,"column":9},"end":{"line":1,"column":22}},"loc":{"start":{"line":1,"column":31},"end":{"line":3,"column":1}},"line":1}},"branchMap":{},"s":{"0":2,"1":1},"f":{"0":2},"b":{},"_coverageSchema":"1a1c01bbd47fc00a2c39e90264f33305004495a9","hash":"7e372350981b9c270db864fe70cdf3a1600bb13e"}
}
