TN:
SF:scripts\anlyzeArray.js
FN:1,analyzeArray
FN:10,average
FN:11,(anonymous_2)
FN:14,min
FN:18,max
FNF:5
FNH:5
FNDA:3,analyzeArray
FNDA:3,average
FNDA:11,(anonymous_2)
FNDA:3,min
FNDA:3,max
DA:2,3
DA:11,11
DA:15,3
DA:19,3
DA:22,1
LF:5
LH:5
BRF:0
BRH:0
end_of_record
TN:
SF:scripts\calculator.js
FN:2,(anonymous_0)
FN:6,(anonymous_1)
FN:10,(anonymous_2)
FN:14,(anonymous_3)
FNF:4
FNH:4
FNDA:1,(anonymous_0)
FNDA:1,(anonymous_1)
FNDA:1,(anonymous_2)
FNDA:1,(anonymous_3)
DA:3,1
DA:7,1
DA:11,1
DA:15,1
DA:19,1
LF:5
LH:5
BRF:0
BRH:0
end_of_record
TN:
SF:scripts\capitalize.js
FN:1,capitalize
FN:5,(anonymous_1)
FN:5,(anonymous_2)
FNF:3
FNH:3
FNDA:3,capitalize
FNDA:11,(anonymous_1)
FNDA:11,(anonymous_2)
DA:2,3
DA:5,11
DA:8,1
LF:3
LH:3
BRF:0
BRH:0
end_of_record
TN:
SF:scripts\ceaserCipher.js
FN:1,caesarCipher
FN:4,(anonymous_1)
FN:8,shiftChar
FNF:3
FNH:3
FNDA:5,caesarCipher
FNDA:27,(anonymous_1)
FNDA:27,shiftChar
DA:2,5
DA:4,27
DA:9,27
DA:10,24
DA:11,24
DA:13,24
DA:15,24
DA:16,24
DA:18,3
DA:21,1
LF:10
LH:10
BRDA:9,0,0,24
BRDA:9,0,1,3
BRDA:13,1,0,21
BRDA:13,1,1,3
BRF:4
BRH:4
end_of_record
TN:
SF:scripts\reverseString.js
FN:1,reverseString
FNF:1
FNH:1
FNDA:2,reverseString
DA:2,2
DA:5,1
LF:2
LH:2
BRF:0
BRH:0
end_of_record
